# JRE version: Java(TM) SE Runtime Environment (17.0.12+8) (build 17.0.12+8-LTS-286)
# Java VM: Java HotSpot(TM) 64-Bit Server VM (17.0.12+8-LTS-286, mixed mode, sharing, tiered, compressed oops, compressed class ptrs, g1 gc, windows-amd64)
GC Precious Log:
 CPUs: 8 total, 8 available
 Memory: 16165M
 Large Page Support: Disabled
 NUMA Support: Disabled
 Compressed Oops: Enabled (Zero based)
 Heap Region Size: 2M
 Heap Min Capacity: 8M
 Heap Initial Capacity: 254M
 Heap Max Capacity: 4042M
 Pre-touch: Disabled
 Parallel Workers: 8
 Concurrent Workers: 2
 Concurrent Refinement Workers: 8
 Periodic GC: Disabled
Heap:
 garbage-first heap   total 110592K, used 59262K [0x0000000703600000, 0x0000000800000000)
  region size 2048K, 18 young (36864K), 2 survivors (4096K)
 Metaspace       used 69334K, committed 69888K, reserved 1114112K
  class space    used 9406K, committed 9664K, reserved 1048576K
GC Heap History (20 events):
Event: 3.444 GC heap before
{Heap before GC invocations=5 (full 0):
 garbage-first heap   total 61440K, used 18453K [0x0000000703600000, 0x0000000800000000)
  region size 2048K, 3 young (6144K), 2 survivors (4096K)
 Metaspace       used 26429K, committed 26880K, reserved 1114112K
  class space    used 3418K, committed 3648K, reserved 1048576K
}
Event: 3.449 GC heap after
{Heap after GC invocations=6 (full 0):
 garbage-first heap   total 61440K, used 16858K [0x0000000703600000, 0x0000000800000000)
  region size 2048K, 1 young (2048K), 1 survivors (2048K)
 Metaspace       used 26429K, committed 26880K, reserved 1114112K
  class space    used 3418K, committed 3648K, reserved 1048576K
}
Event: 3.957 GC heap before
{Heap before GC invocations=6 (full 0):
 garbage-first heap   total 61440K, used 39386K [0x0000000703600000, 0x0000000800000000)
  region size 2048K, 12 young (24576K), 1 survivors (2048K)
 Metaspace       used 30259K, committed 30784K, reserved 1114112K
  class space    used 3889K, committed 4160K, reserved 1048576K
}
Event: 3.960 GC heap after
{Heap after GC invocations=7 (full 0):
 garbage-first heap   total 61440K, used 18154K [0x0000000703600000, 0x0000000800000000)
  region size 2048K, 1 young (2048K), 1 survivors (2048K)
 Metaspace       used 30259K, committed 30784K, reserved 1114112K
  class space    used 3889K, committed 4160K, reserved 1048576K
}
Event: 4.479 GC heap before
{Heap before GC invocations=7 (full 0):
 garbage-first heap   total 61440K, used 38634K [0x0000000703600000, 0x0000000800000000)
  region size 2048K, 12 young (24576K), 1 survivors (2048K)
 Metaspace       used 35506K, committed 35968K, reserved 1114112K
  class space    used 4677K, committed 4928K, reserved 1048576K
}
Event: 4.482 GC heap after
{Heap after GC invocations=8 (full 0):
 garbage-first heap   total 61440K, used 19295K [0x0000000703600000, 0x0000000800000000)
  region size 2048K, 2 young (4096K), 2 survivors (4096K)
 Metaspace       used 35506K, committed 35968K, reserved 1114112K
  class space    used 4677K, committed 4928K, reserved 1048576K
}
Event: 5.198 GC heap before
{Heap before GC invocations=9 (full 0):
 garbage-first heap   total 61440K, used 41823K [0x0000000703600000, 0x0000000800000000)
  region size 2048K, 14 young (28672K), 2 survivors (4096K)
 Metaspace       used 45406K, committed 45888K, reserved 1114112K
  class space    used 5967K, committed 6208K, reserved 1048576K
}
Event: 5.203 GC heap after
{Heap after GC invocations=10 (full 0):
 garbage-first heap   total 61440K, used 21950K [0x0000000703600000, 0x0000000800000000)
  region size 2048K, 2 young (4096K), 2 survivors (4096K)
 Metaspace       used 45406K, committed 45888K, reserved 1114112K
  class space    used 5967K, committed 6208K, reserved 1048576K
}
Event: 5.705 GC heap before
{Heap before GC invocations=10 (full 0):
 garbage-first heap   total 61440K, used 42430K [0x0000000703600000, 0x0000000800000000)
  region size 2048K, 13 young (26624K), 2 survivors (4096K)
 Metaspace       used 50444K, committed 50944K, reserved 1114112K
  class space    used 6615K, committed 6848K, reserved 1048576K
}
Event: 5.710 GC heap after
{Heap after GC invocations=11 (full 0):
 garbage-first heap   total 61440K, used 23298K [0x0000000703600000, 0x0000000800000000)
  region size 2048K, 1 young (2048K), 1 survivors (2048K)
 Metaspace       used 50444K, committed 50944K, reserved 1114112K
  class space    used 6615K, committed 6848K, reserved 1048576K
}
Event: 6.247 GC heap before
{Heap before GC invocations=11 (full 0):
 garbage-first heap   total 61440K, used 43778K [0x0000000703600000, 0x0000000800000000)
  region size 2048K, 12 young (24576K), 1 survivors (2048K)
 Metaspace       used 57654K, committed 58176K, reserved 1114112K
  class space    used 7802K, committed 8000K, reserved 1048576K
}
Event: 6.250 GC heap after
{Heap after GC invocations=12 (full 0):
 garbage-first heap   total 61440K, used 24090K [0x0000000703600000, 0x0000000800000000)
  region size 2048K, 2 young (4096K), 2 survivors (4096K)
 Metaspace       used 57654K, committed 58176K, reserved 1114112K
  class space    used 7802K, committed 8000K, reserved 1048576K
}
Event: 6.571 GC heap before
{Heap before GC invocations=12 (full 0):
 garbage-first heap   total 61440K, used 34330K [0x0000000703600000, 0x0000000800000000)
  region size 2048K, 8 young (16384K), 2 survivors (4096K)
 Metaspace       used 59690K, committed 60160K, reserved 1114112K
  class space    used 8030K, committed 8256K, reserved 1048576K
}
Event: 6.576 GC heap after
{Heap after GC invocations=13 (full 0):
 garbage-first heap   total 61440K, used 25309K [0x0000000703600000, 0x0000000800000000)
  region size 2048K, 2 young (4096K), 2 survivors (4096K)
 Metaspace       used 59690K, committed 60160K, reserved 1114112K
  class space    used 8030K, committed 8256K, reserved 1048576K
}
Event: 7.210 GC heap before
{Heap before GC invocations=14 (full 0):
 garbage-first heap   total 61440K, used 45789K [0x0000000703600000, 0x0000000800000000)
  region size 2048K, 12 young (24576K), 2 survivors (4096K)
 Metaspace       used 63149K, committed 63680K, reserved 1114112K
  class space    used 8601K, committed 8896K, reserved 1048576K
}
Event: 7.216 GC heap after
{Heap after GC invocations=15 (full 0):
 garbage-first heap   total 61440K, used 27103K [0x0000000703600000, 0x0000000800000000)
  region size 2048K, 2 young (4096K), 2 survivors (4096K)
 Metaspace       used 63149K, committed 63680K, reserved 1114112K
  class space    used 8601K, committed 8896K, reserved 1048576K
}
Event: 7.269 GC heap before
{Heap before GC invocations=15 (full 0):
 garbage-first heap   total 61440K, used 27103K [0x0000000703600000, 0x0000000800000000)
  region size 2048K, 3 young (6144K), 2 survivors (4096K)
 Metaspace       used 63385K, committed 63936K, reserved 1114112K
  class space    used 8634K, committed 8896K, reserved 1048576K
}
Event: 7.275 GC heap after
{Heap after GC invocations=16 (full 0):
 garbage-first heap   total 61440K, used 26849K [0x0000000703600000, 0x0000000800000000)
  region size 2048K, 1 young (2048K), 1 survivors (2048K)
 Metaspace       used 63385K, committed 63936K, reserved 1114112K
  class space    used 8634K, committed 8896K, reserved 1048576K
}
Event: 7.731 GC heap before
{Heap before GC invocations=16 (full 0):
 garbage-first heap   total 61440K, used 47329K [0x0000000703600000, 0x0000000800000000)
  region size 2048K, 11 young (22528K), 1 survivors (2048K)
 Metaspace       used 66002K, committed 66496K, reserved 1114112K
  class space    used 9029K, committed 9280K, reserved 1048576K
}
Event: 7.737 GC heap after
{Heap after GC invocations=17 (full 0):
 garbage-first heap   total 161792K, used 28542K [0x0000000703600000, 0x0000000800000000)
  region size 2048K, 2 young (4096K), 2 survivors (4096K)
 Metaspace       used 66002K, committed 66496K, reserved 1114112K
  class space    used 9029K, committed 9280K, reserved 1048576K
}

